<?xml version="1.0" encoding="UTF-8"?>
<!-- Generated by org.testng.reporters.JUnitReportReporter -->
<testsuite skipped="0" hostname="krish" name="testngdependency.r1" tests="7" failures="0" timestamp="2023-10-04T08:54:24 IST" time="9.057" errors="0">
  <testcase name="visitting" time="3.994" classname="testngdependency.r1"/>
  <system-out/>
  <testcase name="max" time="0.139" classname="testngdependency.r1"/>
  <system-out/>
  <testcase name="refresh" time="0.527" classname="testngdependency.r1"/>
  <system-out/>
  <testcase name="refresh" time="0.530" classname="testngdependency.r1"/>
  <system-out/>
  <testcase name="refresh" time="0.529" classname="testngdependency.r1"/>
  <system-out/>
  <testcase name="clicking" time="0.618" classname="testngdependency.r1"/>
  <system-out/>
  <testcase name="closing" time="2.720" classname="testngdependency.r1"/>
  <system-out/>
</testsuite> <!-- testngdependency.r1 -->
