<?xml version="1.0" encoding="UTF-8"?>
<!-- Generated by org.testng.reporters.JUnitReportReporter -->
<testsuite skipped="0" hostname="krish" name="extentreports.v1" tests="1" failures="0" timestamp="2023-10-12T09:15:28 IST" time="5.421" errors="0">
  <testcase name="extentReportsDemo" time="5.421" classname="extentreports.v1"/>
  <system-out/>
</testsuite> <!-- extentreports.v1 -->
