<?xml version="1.0" encoding="UTF-8"?>
<!-- Generated by org.testng.reporters.JUnitReportReporter -->
<testsuite skipped="1" hostname="krish" name="tesgnattributes.t1" tests="3" failures="0" timestamp="2023-10-03T08:57:58 IST" time="0.010" errors="0">
  <testcase name="ab" time="0.007" classname="tesgnattributes.t1"/>
  <system-out/>
  <testcase name="m2" time="0.003" classname="tesgnattributes.t1"/>
  <system-out/>
  <testcase name="m1" classname="tesgnattributes.t1">
    <skipped/>
  </testcase> <!-- m1 -->
  <system-out/>
</testsuite> <!-- tesgnattributes.t1 -->
