<?xml version="1.0" encoding="UTF-8"?>
<!-- Generated by org.testng.reporters.JUnitReportReporter -->
<testsuite skipped="0" hostname="krish" name="autoit.c1" tests="1" failures="0" timestamp="2023-10-17T09:09:48 IST" time="31.744" errors="0">
  <testcase name="a1" time="31.744" classname="autoit.c1"/>
  <system-out/>
</testsuite> <!-- autoit.c1 -->
